<?xml version="1.0" encoding="UTF-8"?>
<coverage generated="1708435680932" clover="3.2.0">
  <project timestamp="1708435680933" name="All files">
    <metrics statements="3" coveredstatements="2" conditionals="0" coveredconditionals="0" methods="1" coveredmethods="0" elements="4" coveredelements="2" complexity="0" loc="3" ncloc="3" packages="1" files="1" classes="1"/>
    <file name="index.tsx" path="F:\projects\Betrayal-at-House-on-the-Hill-Guide\src\components\atoms\backgroundVideo\index.tsx">
      <metrics statements="3" coveredstatements="2" conditionals="0" coveredconditionals="0" methods="1" coveredmethods="0"/>
      <line num="5" count="1" type="stmt"/>
      <line num="6" count="0" type="stmt"/>
      <line num="14" count="1" type="stmt"/>
    </file>
  </project>
</coverage>
