{"F:\\projects\\Betrayal-at-House-on-the-Hill-Guide\\src\\components\\atoms\\backgroundVideo\\index.tsx": {"path":"F:\\projects\\Betrayal-at-House-on-the-Hill-Guide\\src\\components\\atoms\\backgroundVideo\\index.tsx","statementMap":{"0":{"start":{"line":5,"column":24},"end":{"line":12,"column":1}},"1":{"start":{"line":6,"column":2},"end":{"line":11,"column":4}},"2":{"start":{"line":14,"column":0},"end":{"line":14,"column":31}}},"fnMap":{"0":{"name":"(anonymous_0)","decl":{"start":{"line":5,"column":24},"end":{"line":5,"column":25}},"loc":{"start":{"line":5,"column":58},"end":{"line":12,"column":1}}}},"branchMap":{},"s":{"0":1,"1":0,"2":1},"f":{"0":0},"b":{}}
}
